17:57:26.020 logback [main] INFO  c.environment.EnvironmentApplication - Starting EnvironmentApplication on BAB1601339 with PID 8648 (D:\Users\environment\environment\target\classes started by pactera in D:\Users\environment\environment)
17:57:26.029 logback [main] INFO  c.environment.EnvironmentApplication - The following profiles are active: dev
17:57:26.251 logback [main] INFO  o.s.b.c.e.AnnotationConfigEmbeddedWebApplicationContext - Refreshing org.springframework.boot.context.embedded.AnnotationConfigEmbeddedWebApplicationContext@5c909414: startup date [Fri Jul 13 17:57:26 CST 2018]; root of context hierarchy
17:57:27.853 logback [background-preinit] INFO  o.h.validator.internal.util.Version - HV000001: Hibernate Validator 5.3.5.Final
17:57:30.081 logback [main] WARN  o.m.s.mapper.ClassPathMapperScanner - No MyBatis mapper was found in '[com.baomidou.springboot.mapper*]' package. Please check your configuration.
17:57:31.415 logback [main] INFO  o.s.c.s.PostProcessorRegistrationDelegate$BeanPostProcessorChecker - Bean 'org.springframework.transaction.annotation.ProxyTransactionManagementConfiguration' of type [org.springframework.transaction.annotation.ProxyTransactionManagementConfiguration$$EnhancerBySpringCGLIB$$c2770b36] is not eligible for getting processed by all BeanPostProcessors (for example: not eligible for auto-proxying)
17:57:32.364 logback [main] INFO  org.eclipse.jetty.util.log - Logging initialized @9099ms to org.eclipse.jetty.util.log.Slf4jLog
17:57:32.887 logback [main] INFO  o.s.b.c.e.j.JettyEmbeddedServletContainerFactory - Server initialized with port: 8080
17:57:32.892 logback [main] INFO  org.eclipse.jetty.server.Server - jetty-9.4.6.v20170531
17:57:33.211 logback [main] INFO  org.eclipse.jetty.server.session - DefaultSessionIdManager workerName=node0
17:57:33.211 logback [main] INFO  org.eclipse.jetty.server.session - No SessionScavenger set, using defaults
17:57:33.214 logback [main] INFO  org.eclipse.jetty.server.session - Scavenging every 660000ms
17:57:33.225 logback [main] INFO  o.e.j.s.h.ContextHandler.application - Initializing Spring embedded WebApplicationContext
17:57:33.225 logback [main] INFO  o.s.web.context.ContextLoader - Root WebApplicationContext: initialization completed in 6974 ms
17:57:33.739 logback [main] INFO  o.s.b.w.s.ServletRegistrationBean - Mapping servlet: 'dispatcherServlet' to [/]
17:57:33.752 logback [main] INFO  o.s.b.w.s.FilterRegistrationBean - Mapping filter: 'characterEncodingFilter' to: [/*]
17:57:33.752 logback [main] INFO  o.s.b.w.s.FilterRegistrationBean - Mapping filter: 'hiddenHttpMethodFilter' to: [/*]
17:57:33.752 logback [main] INFO  o.s.b.w.s.FilterRegistrationBean - Mapping filter: 'httpPutFormContentFilter' to: [/*]
17:57:33.753 logback [main] INFO  o.s.b.w.s.FilterRegistrationBean - Mapping filter: 'requestContextFilter' to: [/*]
17:57:33.764 logback [main] INFO  o.e.j.server.handler.ContextHandler - Started o.s.b.c.e.j.JettyEmbeddedWebAppContext@2e807c54{/,[file:///C:/Users/pactera/AppData/Local/Temp/jetty-docbase.5307008525242710023.8080/, jar:file:/C:/Users/pactera/.m2/repository/io/springfox/springfox-swagger-ui/2.2.2/springfox-swagger-ui-2.2.2.jar!/META-INF/resources],AVAILABLE}
17:57:33.765 logback [main] INFO  org.eclipse.jetty.server.Server - Started @10537ms
17:57:34.802 logback [main] INFO  c.alibaba.druid.pool.DruidDataSource - {dataSource-1} inited
17:57:35.544 logback [main] INFO  o.s.jdbc.datasource.init.ScriptUtils - Executing SQL script from class path resource [init-sql/schema.sql]
17:57:38.032 logback [main] INFO  o.s.jdbc.datasource.init.ScriptUtils - Executed SQL script from class path resource [init-sql/schema.sql] in 2487 ms.
17:57:38.414 logback [main] WARN  c.b.m.toolkit.TableInfoHelper - Warn: Could not find @TableId in Class: com.environment.vo.EquipmentDataVo.
17:57:38.414 logback [main] WARN  c.b.m.mapper.AutoSqlInjector - class com.environment.vo.EquipmentDataVo ,Not found @TableId annotation, Cannot use Mybatis-Plus 'xxById' Method.
17:57:38.490 logback [main] WARN  c.b.m.toolkit.TableInfoHelper - Warn: Could not find @TableId in Class: com.environment.mypuls.entity.TEquipmentData.
17:57:38.490 logback [main] WARN  c.b.m.mapper.AutoSqlInjector - class com.environment.mypuls.entity.TEquipmentData ,Not found @TableId annotation, Cannot use Mybatis-Plus 'xxById' Method.
17:57:38.624 logback [main] WARN  c.b.m.toolkit.TableInfoHelper - Warn: Could not find @TableId in Class: com.environment.mypuls.entity.TEquipmentInfo2.
17:57:38.624 logback [main] WARN  c.b.m.mapper.AutoSqlInjector - class com.environment.mypuls.entity.TEquipmentInfo2 ,Not found @TableId annotation, Cannot use Mybatis-Plus 'xxById' Method.
17:57:38.746 logback [main] WARN  c.b.m.toolkit.TableInfoHelper - Warn: Could not find @TableId in Class: com.environment.mypuls.entity.TWpData2.
17:57:38.747 logback [main] WARN  c.b.m.mapper.AutoSqlInjector - class com.environment.mypuls.entity.TWpData2 ,Not found @TableId annotation, Cannot use Mybatis-Plus 'xxById' Method.
17:57:39.044 logback [main] WARN  c.b.m.toolkit.TableInfoHelper - Warn: Could not find @TableId in Class: com.environment.mypuls.entity.TWpOrderBuffer.
17:57:39.045 logback [main] WARN  c.b.m.mapper.AutoSqlInjector - class com.environment.mypuls.entity.TWpOrderBuffer ,Not found @TableId annotation, Cannot use Mybatis-Plus 'xxById' Method.
17:57:40.774 logback [main] INFO  o.s.w.s.m.m.a.RequestMappingHandlerMapping - Mapped "{[/Equipment_data/selectEquipmentData4Chart.htm]}" onto public java.util.Map<java.lang.String, java.lang.Object> com.environment.contrller.Equipment_dataContrller.selectEquipmentData4Chart(java.lang.String,java.lang.Integer)
17:57:40.776 logback [main] INFO  o.s.w.s.m.m.a.RequestMappingHandlerMapping - Mapped "{[/Equipment_data/selectEquipmentData.htm]}" onto public java.util.Map<java.lang.String, java.lang.Object> com.environment.contrller.Equipment_dataContrller.selectEquipmentData(int,int,java.lang.String,java.lang.String,javax.servlet.http.HttpServletRequest,javax.servlet.http.HttpServletResponse)
17:57:40.776 logback [main] INFO  o.s.w.s.m.m.a.RequestMappingHandlerMapping - Mapped "{[/Equipment_data/exportEquipmentData.htm]}" onto public void com.environment.contrller.Equipment_dataContrller.exportEquipmentData(java.lang.String,javax.servlet.http.HttpServletRequest,javax.servlet.http.HttpServletResponse)
17:57:40.777 logback [main] INFO  o.s.w.s.m.m.a.RequestMappingHandlerMapping - Mapped "{[/Equipment_data/exportTag]}" onto public java.util.Map<java.lang.String, java.lang.Object> com.environment.contrller.BaseTOAction.exportTag(javax.servlet.http.HttpServletRequest)
17:57:40.779 logback [main] INFO  o.s.w.s.m.m.a.RequestMappingHandlerMapping - Mapped "{[/Equipment_info2/getEquipmentinfo2.htm]}" onto public java.util.Map<java.lang.String, java.lang.Object> com.environment.contrller.Equipment_inif2Contrller.getEquipmentinfo2(java.lang.String)
17:57:40.779 logback [main] INFO  o.s.w.s.m.m.a.RequestMappingHandlerMapping - Mapped "{[/Equipment_info2/updateEquipmentinfo2.htm]}" onto public java.util.Map<java.lang.String, java.lang.Object> com.environment.contrller.Equipment_inif2Contrller.updateEquipmentinfo2(java.lang.String)
17:57:40.780 logback [main] INFO  o.s.w.s.m.m.a.RequestMappingHandlerMapping - Mapped "{[/Equipment_info2/exportTag]}" onto public java.util.Map<java.lang.String, java.lang.Object> com.environment.contrller.BaseTOAction.exportTag(javax.servlet.http.HttpServletRequest)
17:57:40.789 logback [main] INFO  o.s.w.s.m.m.a.RequestMappingHandlerMapping - Mapped "{[/index.htm]}" onto public org.springframework.web.servlet.ModelAndView com.environment.contrller.Index.index(javax.servlet.http.HttpServletRequest,javax.servlet.http.HttpServletResponse)
17:57:40.789 logback [main] INFO  o.s.w.s.m.m.a.RequestMappingHandlerMapping - Mapped "{[/main.htm]}" onto public org.springframework.web.servlet.ModelAndView com.environment.contrller.Index.main()
17:57:40.790 logback [main] INFO  o.s.w.s.m.m.a.RequestMappingHandlerMapping - Mapped "{[/workbench/add.htm]}" onto public org.springframework.web.servlet.ModelAndView com.environment.contrller.Index.add(javax.servlet.http.HttpServletRequest,javax.servlet.http.HttpServletResponse)
17:57:40.791 logback [main] INFO  o.s.w.s.m.m.a.RequestMappingHandlerMapping - Mapped "{[/login.htm]}" onto public java.util.Map<java.lang.String, java.lang.Object> com.environment.contrller.Index.login(java.lang.String,java.lang.String,javax.servlet.http.HttpServletRequest,javax.servlet.http.HttpServletResponse)
17:57:40.791 logback [main] INFO  o.s.w.s.m.m.a.RequestMappingHandlerMapping - Mapped "{[/quit.htm]}" onto public org.springframework.web.servlet.ModelAndView com.environment.contrller.Index.quit()
17:57:40.792 logback [main] INFO  o.s.w.s.m.m.a.RequestMappingHandlerMapping - Mapped "{[/baidumap/index.htm]}" onto public org.springframework.web.servlet.ModelAndView com.environment.contrller.Index.baidumapindex(javax.servlet.http.HttpServletRequest,javax.servlet.http.HttpServletResponse)
17:57:40.792 logback [main] INFO  o.s.w.s.m.m.a.RequestMappingHandlerMapping - Mapped "{[/baidumap/line.htm]}" onto public org.springframework.web.servlet.ModelAndView com.environment.contrller.Index.baidumapline(javax.servlet.http.HttpServletRequest,javax.servlet.http.HttpServletResponse)
17:57:40.793 logback [main] INFO  o.s.w.s.m.m.a.RequestMappingHandlerMapping - Mapped "{[/eqdateselect/index.htm]}" onto public org.springframework.web.servlet.ModelAndView com.environment.contrller.Index.eqdateselect(javax.servlet.http.HttpServletRequest,javax.servlet.http.HttpServletResponse)
17:57:40.793 logback [main] INFO  o.s.w.s.m.m.a.RequestMappingHandlerMapping - Mapped "{[/workbench/index.htm]}" onto public org.springframework.web.servlet.ModelAndView com.environment.contrller.Index.workbench(javax.servlet.http.HttpServletRequest,javax.servlet.http.HttpServletResponse)
17:57:40.794 logback [main] INFO  o.s.w.s.m.m.a.RequestMappingHandlerMapping - Mapped "{[/exportTag]}" onto public java.util.Map<java.lang.String, java.lang.Object> com.environment.contrller.BaseTOAction.exportTag(javax.servlet.http.HttpServletRequest)
17:57:40.796 logback [main] INFO  o.s.w.s.m.m.a.RequestMappingHandlerMapping - Mapped "{[/server/getEnvironmentData]}" onto public java.util.Map<java.lang.String, java.lang.Object> com.environment.contrller.ServerController.getEnvironmentData(java.lang.String)
17:57:40.797 logback [main] INFO  o.s.w.s.m.m.a.RequestMappingHandlerMapping - Mapped "{[/server/getEnvironmentData2]}" onto public java.lang.String com.environment.contrller.ServerController.getEnvironmentData2(java.lang.String)
17:57:40.797 logback [main] INFO  o.s.w.s.m.m.a.RequestMappingHandlerMapping - Mapped "{[/server/exportTag]}" onto public java.util.Map<java.lang.String, java.lang.Object> com.environment.contrller.BaseTOAction.exportTag(javax.servlet.http.HttpServletRequest)
17:57:40.800 logback [main] INFO  o.s.w.s.m.m.a.RequestMappingHandlerMapping - Mapped "{[/wp/command]}" onto public java.util.Map<java.lang.String, java.lang.Object> com.environment.contrller.WpController.offonHandler(java.lang.String,java.lang.String,java.lang.String,java.lang.String)
17:57:40.800 logback [main] INFO  o.s.w.s.m.m.a.RequestMappingHandlerMapping - Mapped "{[/wp/allData2]}" onto public java.util.Map<java.lang.String, java.lang.Object> com.environment.contrller.WpController.allData2Handler()
17:57:40.801 logback [main] INFO  o.s.w.s.m.m.a.RequestMappingHandlerMapping - Mapped "{[/wp/state]}" onto public java.util.Map<java.lang.String, java.lang.Object> com.environment.contrller.WpController.stateHandler(java.lang.String)
17:57:40.801 logback [main] INFO  o.s.w.s.m.m.a.RequestMappingHandlerMapping - Mapped "{[/wp/oneDatas]}" onto public java.util.Map<java.lang.String, java.lang.Object> com.environment.contrller.WpController.oneData2Handler(java.lang.String)
17:57:40.802 logback [main] INFO  o.s.w.s.m.m.a.RequestMappingHandlerMapping - Mapped "{[/v2/api-docs],methods=[GET]}" onto public org.springframework.http.ResponseEntity<springfox.documentation.spring.web.json.Json> springfox.documentation.swagger2.web.Swagger2Controller.getDocumentation(java.lang.String)
17:57:40.808 logback [main] INFO  o.s.w.s.m.m.a.RequestMappingHandlerMapping - Mapped "{[/configuration/security]}" onto org.springframework.http.ResponseEntity<springfox.documentation.swagger.web.SecurityConfiguration> springfox.documentation.swagger.web.ApiResourceController.securityConfiguration()
17:57:40.809 logback [main] INFO  o.s.w.s.m.m.a.RequestMappingHandlerMapping - Mapped "{[/swagger-resources]}" onto org.springframework.http.ResponseEntity<java.util.List<springfox.documentation.swagger.web.SwaggerResource>> springfox.documentation.swagger.web.ApiResourceController.swaggerResources()
17:57:40.810 logback [main] INFO  o.s.w.s.m.m.a.RequestMappingHandlerMapping - Mapped "{[/configuration/ui]}" onto org.springframework.http.ResponseEntity<springfox.documentation.swagger.web.UiConfiguration> springfox.documentation.swagger.web.ApiResourceController.uiConfiguration()
17:57:40.815 logback [main] INFO  o.s.w.s.m.m.a.RequestMappingHandlerMapping - Mapped "{[/error]}" onto public org.springframework.http.ResponseEntity<java.util.Map<java.lang.String, java.lang.Object>> org.springframework.boot.autoconfigure.web.BasicErrorController.error(javax.servlet.http.HttpServletRequest)
17:57:40.816 logback [main] INFO  o.s.w.s.m.m.a.RequestMappingHandlerMapping - Mapped "{[/error],produces=[text/html]}" onto public org.springframework.web.servlet.ModelAndView org.springframework.boot.autoconfigure.web.BasicErrorController.errorHtml(javax.servlet.http.HttpServletRequest,javax.servlet.http.HttpServletResponse)
17:57:41.830 logback [main] INFO  o.s.w.s.m.m.a.RequestMappingHandlerAdapter - Looking for @ControllerAdvice: org.springframework.boot.context.embedded.AnnotationConfigEmbeddedWebApplicationContext@5c909414: startup date [Fri Jul 13 17:57:26 CST 2018]; root of context hierarchy
17:57:41.935 logback [main] INFO  o.s.w.s.h.SimpleUrlHandlerMapping - Root mapping to handler of type [class org.springframework.web.servlet.mvc.ParameterizableViewController]
17:57:41.965 logback [main] INFO  o.s.w.s.h.SimpleUrlHandlerMapping - Mapped URL path [/webjars/**] onto handler of type [class org.springframework.web.servlet.resource.ResourceHttpRequestHandler]
17:57:41.966 logback [main] INFO  o.s.w.s.h.SimpleUrlHandlerMapping - Mapped URL path [/**] onto handler of type [class org.springframework.web.servlet.resource.ResourceHttpRequestHandler]
17:57:42.042 logback [main] INFO  o.s.w.s.h.SimpleUrlHandlerMapping - Mapped URL path [/**/favicon.ico] onto handler of type [class org.springframework.web.servlet.resource.ResourceHttpRequestHandler]
17:57:42.777 logback [main] INFO  o.s.w.s.v.f.FreeMarkerConfigurer - ClassTemplateLoader for Spring macros added to FreeMarker configuration
17:57:43.128 logback [main] INFO  o.s.j.e.a.AnnotationMBeanExporter - Registering beans for JMX exposure on startup
17:57:43.130 logback [main] INFO  o.s.j.e.a.AnnotationMBeanExporter - Bean with name 'dataSource' has been autodetected for JMX exposure
17:57:43.137 logback [main] INFO  o.s.j.e.a.AnnotationMBeanExporter - Located MBean 'dataSource': registering with JMX server as MBean [com.alibaba.druid.pool:name=dataSource,type=DruidDataSource]
17:57:43.157 logback [main] INFO  s.d.s.w.p.DocumentationPluginsBootstrapper - Context refreshed
17:57:43.201 logback [main] INFO  s.d.s.w.p.DocumentationPluginsBootstrapper - Found {0} custom documentation plugin(s)
17:57:43.225 logback [main] INFO  s.d.s.w.s.ApiListingReferenceScanner - Scanning for api listing references
17:57:43.238 logback [main] INFO  s.d.s.w.ClassOrApiAnnotationResourceGrouping - Group for method exportEquipmentData was equipment_datacontrller
17:57:43.245 logback [main] INFO  s.d.s.w.s.ApiListingReferenceScanner - Request mapping: exportEquipmentData belongs to groups: [[ResourceGroup{groupName='equipment_datacontrller', position=0, controller=com.environment.contrller.Equipment_dataContrller}]] 
17:57:43.247 logback [main] INFO  s.d.s.w.ClassOrApiAnnotationResourceGrouping - Group for method selectEquipmentData was equipment_datacontrller
17:57:43.247 logback [main] INFO  s.d.s.w.s.ApiListingReferenceScanner - Request mapping: selectEquipmentData belongs to groups: [[ResourceGroup{groupName='equipment_datacontrller', position=0, controller=com.environment.contrller.Equipment_dataContrller}]] 
17:57:43.248 logback [main] INFO  s.d.s.w.ClassOrApiAnnotationResourceGrouping - Group for method selectEquipmentData4Chart was equipment_datacontrller
17:57:43.248 logback [main] INFO  s.d.s.w.s.ApiListingReferenceScanner - Request mapping: selectEquipmentData4Chart belongs to groups: [[ResourceGroup{groupName='equipment_datacontrller', position=0, controller=com.environment.contrller.Equipment_dataContrller}]] 
17:57:43.249 logback [main] INFO  s.d.s.w.ClassOrApiAnnotationResourceGrouping - Group for method getEquipmentinfo2 was equipmentinfo2contrller
17:57:43.249 logback [main] INFO  s.d.s.w.s.ApiListingReferenceScanner - Request mapping: getEquipmentinfo2 belongs to groups: [[ResourceGroup{groupName='equipmentinfo2contrller', position=0, controller=com.environment.contrller.Equipment_inif2Contrller}]] 
17:57:43.250 logback [main] INFO  s.d.s.w.ClassOrApiAnnotationResourceGrouping - Group for method updateEquipmentinfo2 was equipmentinfo2contrller
17:57:43.250 logback [main] INFO  s.d.s.w.s.ApiListingReferenceScanner - Request mapping: updateEquipmentinfo2 belongs to groups: [[ResourceGroup{groupName='equipmentinfo2contrller', position=0, controller=com.environment.contrller.Equipment_inif2Contrller}]] 
17:57:43.251 logback [main] INFO  s.d.s.w.ClassOrApiAnnotationResourceGrouping - Group for method baidumapindex was index
17:57:43.251 logback [main] INFO  s.d.s.w.s.ApiListingReferenceScanner - Request mapping: baidumapindex belongs to groups: [[ResourceGroup{groupName='index', position=0, controller=com.environment.contrller.Index}]] 
17:57:43.251 logback [main] INFO  s.d.s.w.ClassOrApiAnnotationResourceGrouping - Group for method baidumapline was index
17:57:43.252 logback [main] INFO  s.d.s.w.s.ApiListingReferenceScanner - Request mapping: baidumapline belongs to groups: [[ResourceGroup{groupName='index', position=0, controller=com.environment.contrller.Index}]] 
17:57:43.252 logback [main] INFO  s.d.s.w.ClassOrApiAnnotationResourceGrouping - Group for method eqdateselect was index
17:57:43.252 logback [main] INFO  s.d.s.w.s.ApiListingReferenceScanner - Request mapping: eqdateselect belongs to groups: [[ResourceGroup{groupName='index', position=0, controller=com.environment.contrller.Index}]] 
17:57:43.253 logback [main] INFO  s.d.s.w.ClassOrApiAnnotationResourceGrouping - Group for method index was index
17:57:43.253 logback [main] INFO  s.d.s.w.s.ApiListingReferenceScanner - Request mapping: index belongs to groups: [[ResourceGroup{groupName='index', position=0, controller=com.environment.contrller.Index}]] 
17:57:43.254 logback [main] INFO  s.d.s.w.ClassOrApiAnnotationResourceGrouping - Group for method login was index
17:57:43.254 logback [main] INFO  s.d.s.w.s.ApiListingReferenceScanner - Request mapping: login belongs to groups: [[ResourceGroup{groupName='index', position=0, controller=com.environment.contrller.Index}]] 
17:57:43.254 logback [main] INFO  s.d.s.w.ClassOrApiAnnotationResourceGrouping - Group for method main was index
17:57:43.255 logback [main] INFO  s.d.s.w.s.ApiListingReferenceScanner - Request mapping: main belongs to groups: [[ResourceGroup{groupName='index', position=0, controller=com.environment.contrller.Index}]] 
17:57:43.255 logback [main] INFO  s.d.s.w.ClassOrApiAnnotationResourceGrouping - Group for method quit was index
17:57:43.255 logback [main] INFO  s.d.s.w.s.ApiListingReferenceScanner - Request mapping: quit belongs to groups: [[ResourceGroup{groupName='index', position=0, controller=com.environment.contrller.Index}]] 
17:57:43.256 logback [main] INFO  s.d.s.w.ClassOrApiAnnotationResourceGrouping - Group for method add was index
17:57:43.256 logback [main] INFO  s.d.s.w.s.ApiListingReferenceScanner - Request mapping: add belongs to groups: [[ResourceGroup{groupName='index', position=0, controller=com.environment.contrller.Index}]] 
17:57:43.257 logback [main] INFO  s.d.s.w.ClassOrApiAnnotationResourceGrouping - Group for method workbench was index
17:57:43.257 logback [main] INFO  s.d.s.w.s.ApiListingReferenceScanner - Request mapping: workbench belongs to groups: [[ResourceGroup{groupName='index', position=0, controller=com.environment.contrller.Index}]] 
17:57:43.264 logback [main] INFO  s.d.s.w.s.ApiListingReferenceScanner - Created resource listing Path: /default/equipmentinfo2contrller Description: equipmentinfo2contrller Position: 0
17:57:43.265 logback [main] INFO  s.d.s.w.s.ApiListingReferenceScanner - Created resource listing Path: /default/index Description: index Position: 0
17:57:43.266 logback [main] INFO  s.d.s.w.s.ApiListingReferenceScanner - Created resource listing Path: /default/equipment_datacontrller Description: equipment_datacontrller Position: 0
17:57:43.324 logback [main] INFO  s.d.schema.ModelContextKeyGenerator - Cache Key Generated: java.lang.Void(true)
17:57:43.324 logback [main] INFO  s.d.spring.web.caching.CachingAspect - Caching aspect applied for cache models with key java.lang.Void(true)
17:57:43.336 logback [main] INFO  s.d.schema.ModelContextKeyGenerator - Cache Key Generated: java.lang.Void(true)
17:57:43.336 logback [main] INFO  s.d.spring.web.caching.CachingAspect - Caching aspect applied for cache modelDependencies with key java.lang.Void(true)
17:57:43.353 logback [main] INFO  s.d.s.web.OperationsKeyGenerator - Cache key generated: /Equipment_data/exportEquipmentData.htm.com.environment.contrller.Equipment_dataContrller.exportEquipmentData.DefaultGenericTypeNamingStrategy
17:57:43.353 logback [main] INFO  s.d.spring.web.caching.CachingAspect - Caching aspect applied for cache operations with key /Equipment_data/exportEquipmentData.htm.com.environment.contrller.Equipment_dataContrller.exportEquipmentData.DefaultGenericTypeNamingStrategy
17:57:43.380 logback [main] INFO  s.d.s.w.ClassOrApiAnnotationResourceGrouping - Group for method exportEquipmentData was equipment_datacontrller
17:57:43.492 logback [main] INFO  s.d.s.w.ClassOrApiAnnotationResourceGrouping - Group for method exportEquipmentData was equipment_datacontrller
17:57:43.503 logback [main] INFO  s.d.s.w.ClassOrApiAnnotationResourceGrouping - Group for method exportEquipmentData was equipment_datacontrller
17:57:43.506 logback [main] INFO  s.d.s.w.ClassOrApiAnnotationResourceGrouping - Group for method exportEquipmentData was equipment_datacontrller
17:57:43.509 logback [main] INFO  s.d.s.w.ClassOrApiAnnotationResourceGrouping - Group for method exportEquipmentData was equipment_datacontrller
17:57:43.511 logback [main] INFO  s.d.s.w.ClassOrApiAnnotationResourceGrouping - Group for method exportEquipmentData was equipment_datacontrller
17:57:43.514 logback [main] INFO  s.d.s.w.ClassOrApiAnnotationResourceGrouping - Group for method exportEquipmentData was equipment_datacontrller
17:57:43.514 logback [main] INFO  s.d.s.w.ClassOrApiAnnotationResourceGrouping - Group for method exportEquipmentData was equipment_datacontrller
17:57:43.518 logback [main] INFO  s.d.s.w.ClassOrApiAnnotationResourceGrouping - Group for method exportEquipmentData was equipment_datacontrller
17:57:43.520 logback [main] INFO  s.d.s.w.ClassOrApiAnnotationResourceGrouping - Group for method exportEquipmentData was equipment_datacontrller
17:57:43.523 logback [main] INFO  s.d.s.w.ClassOrApiAnnotationResourceGrouping - Group for method exportEquipmentData was equipment_datacontrller
17:57:43.524 logback [main] INFO  s.d.s.w.ClassOrApiAnnotationResourceGrouping - Group for method exportEquipmentData was equipment_datacontrller
17:57:43.527 logback [main] INFO  s.d.s.w.ClassOrApiAnnotationResourceGrouping - Group for method exportEquipmentData was equipment_datacontrller
17:57:43.528 logback [main] INFO  s.d.s.w.ClassOrApiAnnotationResourceGrouping - Group for method exportEquipmentData was equipment_datacontrller
17:57:43.529 logback [main] INFO  s.d.s.w.ClassOrApiAnnotationResourceGrouping - Group for method exportEquipmentData was equipment_datacontrller
17:57:43.531 logback [main] INFO  s.d.s.w.ClassOrApiAnnotationResourceGrouping - Group for method exportEquipmentData was equipment_datacontrller
17:57:43.538 logback [main] INFO  s.d.schema.ModelContextKeyGenerator - Cache Key Generated: java.lang.Object(true)
17:57:43.539 logback [main] INFO  s.d.spring.web.caching.CachingAspect - Caching aspect applied for cache models with key java.lang.Object(true)
17:57:43.539 logback [main] INFO  s.d.schema.ModelContextKeyGenerator - Cache Key Generated: java.lang.Object(true)
17:57:43.539 logback [main] INFO  s.d.spring.web.caching.CachingAspect - Caching aspect applied for cache modelDependencies with key java.lang.Object(true)
17:57:43.540 logback [main] INFO  s.d.s.web.OperationsKeyGenerator - Cache key generated: /Equipment_data/selectEquipmentData.htm.com.environment.contrller.Equipment_dataContrller.selectEquipmentData.DefaultGenericTypeNamingStrategy
17:57:43.540 logback [main] INFO  s.d.spring.web.caching.CachingAspect - Caching aspect applied for cache operations with key /Equipment_data/selectEquipmentData.htm.com.environment.contrller.Equipment_dataContrller.selectEquipmentData.DefaultGenericTypeNamingStrategy
17:57:43.545 logback [main] INFO  s.d.s.w.ClassOrApiAnnotationResourceGrouping - Group for method selectEquipmentData was equipment_datacontrller
17:57:43.556 logback [main] INFO  s.d.s.w.ClassOrApiAnnotationResourceGrouping - Group for method selectEquipmentData was equipment_datacontrller
17:57:43.564 logback [main] INFO  s.d.s.w.ClassOrApiAnnotationResourceGrouping - Group for method selectEquipmentData was equipment_datacontrller
17:57:43.566 logback [main] INFO  s.d.s.w.ClassOrApiAnnotationResourceGrouping - Group for method selectEquipmentData was equipment_datacontrller
17:57:43.572 logback [main] INFO  s.d.s.w.ClassOrApiAnnotationResourceGrouping - Group for method selectEquipmentData was equipment_datacontrller
17:57:43.573 logback [main] INFO  s.d.s.w.ClassOrApiAnnotationResourceGrouping - Group for method selectEquipmentData was equipment_datacontrller
17:57:43.579 logback [main] INFO  s.d.s.w.ClassOrApiAnnotationResourceGrouping - Group for method selectEquipmentData was equipment_datacontrller
17:57:43.580 logback [main] INFO  s.d.s.w.ClassOrApiAnnotationResourceGrouping - Group for method selectEquipmentData was equipment_datacontrller
17:57:43.585 logback [main] INFO  s.d.s.w.ClassOrApiAnnotationResourceGrouping - Group for method selectEquipmentData was equipment_datacontrller
17:57:43.586 logback [main] INFO  s.d.s.w.ClassOrApiAnnotationResourceGrouping - Group for method selectEquipmentData was equipment_datacontrller
17:57:43.592 logback [main] INFO  s.d.s.w.ClassOrApiAnnotationResourceGrouping - Group for method selectEquipmentData was equipment_datacontrller
17:57:43.593 logback [main] INFO  s.d.s.w.ClassOrApiAnnotationResourceGrouping - Group for method selectEquipmentData was equipment_datacontrller
17:57:43.597 logback [main] INFO  s.d.s.w.ClassOrApiAnnotationResourceGrouping - Group for method selectEquipmentData was equipment_datacontrller
17:57:43.599 logback [main] INFO  s.d.s.w.ClassOrApiAnnotationResourceGrouping - Group for method selectEquipmentData was equipment_datacontrller
17:57:43.602 logback [main] INFO  s.d.s.w.ClassOrApiAnnotationResourceGrouping - Group for method selectEquipmentData was equipment_datacontrller
17:57:43.605 logback [main] INFO  s.d.s.w.ClassOrApiAnnotationResourceGrouping - Group for method selectEquipmentData was equipment_datacontrller
17:57:43.607 logback [main] INFO  s.d.schema.ModelContextKeyGenerator - Cache Key Generated: java.lang.Object(true)
17:57:43.607 logback [main] INFO  s.d.spring.web.caching.CachingAspect - Caching aspect applied for cache models with key java.lang.Object(true)
17:57:43.608 logback [main] INFO  s.d.schema.ModelContextKeyGenerator - Cache Key Generated: java.lang.Object(true)
17:57:43.608 logback [main] INFO  s.d.spring.web.caching.CachingAspect - Caching aspect applied for cache modelDependencies with key java.lang.Object(true)
17:57:43.608 logback [main] INFO  s.d.s.web.OperationsKeyGenerator - Cache key generated: /Equipment_data/selectEquipmentData4Chart.htm.com.environment.contrller.Equipment_dataContrller.selectEquipmentData4Chart.DefaultGenericTypeNamingStrategy
17:57:43.608 logback [main] INFO  s.d.spring.web.caching.CachingAspect - Caching aspect applied for cache operations with key /Equipment_data/selectEquipmentData4Chart.htm.com.environment.contrller.Equipment_dataContrller.selectEquipmentData4Chart.DefaultGenericTypeNamingStrategy
17:57:43.611 logback [main] INFO  s.d.s.w.ClassOrApiAnnotationResourceGrouping - Group for method selectEquipmentData4Chart was equipment_datacontrller
17:57:43.612 logback [main] INFO  s.d.s.w.ClassOrApiAnnotationResourceGrouping - Group for method selectEquipmentData4Chart was equipment_datacontrller
17:57:43.616 logback [main] INFO  s.d.s.w.ClassOrApiAnnotationResourceGrouping - Group for method selectEquipmentData4Chart was equipment_datacontrller
17:57:43.618 logback [main] INFO  s.d.s.w.ClassOrApiAnnotationResourceGrouping - Group for method selectEquipmentData4Chart was equipment_datacontrller
17:57:43.622 logback [main] INFO  s.d.s.w.ClassOrApiAnnotationResourceGrouping - Group for method selectEquipmentData4Chart was equipment_datacontrller
17:57:43.623 logback [main] INFO  s.d.s.w.ClassOrApiAnnotationResourceGrouping - Group for method selectEquipmentData4Chart was equipment_datacontrller
17:57:43.626 logback [main] INFO  s.d.s.w.ClassOrApiAnnotationResourceGrouping - Group for method selectEquipmentData4Chart was equipment_datacontrller
17:57:43.628 logback [main] INFO  s.d.s.w.ClassOrApiAnnotationResourceGrouping - Group for method selectEquipmentData4Chart was equipment_datacontrller
17:57:43.631 logback [main] INFO  s.d.s.w.ClassOrApiAnnotationResourceGrouping - Group for method selectEquipmentData4Chart was equipment_datacontrller
17:57:43.633 logback [main] INFO  s.d.s.w.ClassOrApiAnnotationResourceGrouping - Group for method selectEquipmentData4Chart was equipment_datacontrller
17:57:43.638 logback [main] INFO  s.d.s.w.ClassOrApiAnnotationResourceGrouping - Group for method selectEquipmentData4Chart was equipment_datacontrller
17:57:43.639 logback [main] INFO  s.d.s.w.ClassOrApiAnnotationResourceGrouping - Group for method selectEquipmentData4Chart was equipment_datacontrller
17:57:43.642 logback [main] INFO  s.d.s.w.ClassOrApiAnnotationResourceGrouping - Group for method selectEquipmentData4Chart was equipment_datacontrller
17:57:43.644 logback [main] INFO  s.d.s.w.ClassOrApiAnnotationResourceGrouping - Group for method selectEquipmentData4Chart was equipment_datacontrller
17:57:43.656 logback [main] INFO  s.d.s.w.ClassOrApiAnnotationResourceGrouping - Group for method selectEquipmentData4Chart was equipment_datacontrller
17:57:43.657 logback [main] INFO  s.d.s.w.ClassOrApiAnnotationResourceGrouping - Group for method selectEquipmentData4Chart was equipment_datacontrller
17:57:43.666 logback [main] INFO  s.d.schema.ModelContextKeyGenerator - Cache Key Generated: java.lang.Object(true)
17:57:43.666 logback [main] INFO  s.d.spring.web.caching.CachingAspect - Caching aspect applied for cache models with key java.lang.Object(true)
17:57:43.666 logback [main] INFO  s.d.schema.ModelContextKeyGenerator - Cache Key Generated: java.lang.Object(true)
17:57:43.666 logback [main] INFO  s.d.spring.web.caching.CachingAspect - Caching aspect applied for cache modelDependencies with key java.lang.Object(true)
17:57:43.666 logback [main] INFO  s.d.s.web.OperationsKeyGenerator - Cache key generated: /Equipment_info2/getEquipmentinfo2.htm.com.environment.contrller.Equipment_inif2Contrller.getEquipmentinfo2.DefaultGenericTypeNamingStrategy
17:57:43.666 logback [main] INFO  s.d.spring.web.caching.CachingAspect - Caching aspect applied for cache operations with key /Equipment_info2/getEquipmentinfo2.htm.com.environment.contrller.Equipment_inif2Contrller.getEquipmentinfo2.DefaultGenericTypeNamingStrategy
17:57:43.667 logback [main] INFO  s.d.s.w.ClassOrApiAnnotationResourceGrouping - Group for method getEquipmentinfo2 was equipmentinfo2contrller
17:57:43.667 logback [main] INFO  s.d.s.w.ClassOrApiAnnotationResourceGrouping - Group for method getEquipmentinfo2 was equipmentinfo2contrller
17:57:43.668 logback [main] INFO  s.d.s.w.ClassOrApiAnnotationResourceGrouping - Group for method getEquipmentinfo2 was equipmentinfo2contrller
17:57:43.668 logback [main] INFO  s.d.s.w.ClassOrApiAnnotationResourceGrouping - Group for method getEquipmentinfo2 was equipmentinfo2contrller
17:57:43.670 logback [main] INFO  s.d.s.w.ClassOrApiAnnotationResourceGrouping - Group for method getEquipmentinfo2 was equipmentinfo2contrller
17:57:43.671 logback [main] INFO  s.d.s.w.ClassOrApiAnnotationResourceGrouping - Group for method getEquipmentinfo2 was equipmentinfo2contrller
17:57:43.673 logback [main] INFO  s.d.s.w.ClassOrApiAnnotationResourceGrouping - Group for method getEquipmentinfo2 was equipmentinfo2contrller
17:57:43.674 logback [main] INFO  s.d.s.w.ClassOrApiAnnotationResourceGrouping - Group for method getEquipmentinfo2 was equipmentinfo2contrller
17:57:43.676 logback [main] INFO  s.d.s.w.ClassOrApiAnnotationResourceGrouping - Group for method getEquipmentinfo2 was equipmentinfo2contrller
17:57:43.677 logback [main] INFO  s.d.s.w.ClassOrApiAnnotationResourceGrouping - Group for method getEquipmentinfo2 was equipmentinfo2contrller
17:57:43.678 logback [main] INFO  s.d.s.w.ClassOrApiAnnotationResourceGrouping - Group for method getEquipmentinfo2 was equipmentinfo2contrller
17:57:43.679 logback [main] INFO  s.d.s.w.ClassOrApiAnnotationResourceGrouping - Group for method getEquipmentinfo2 was equipmentinfo2contrller
17:57:43.680 logback [main] INFO  s.d.s.w.ClassOrApiAnnotationResourceGrouping - Group for method getEquipmentinfo2 was equipmentinfo2contrller
17:57:43.682 logback [main] INFO  s.d.s.w.ClassOrApiAnnotationResourceGrouping - Group for method getEquipmentinfo2 was equipmentinfo2contrller
17:57:43.682 logback [main] INFO  s.d.s.w.ClassOrApiAnnotationResourceGrouping - Group for method getEquipmentinfo2 was equipmentinfo2contrller
17:57:43.683 logback [main] INFO  s.d.s.w.ClassOrApiAnnotationResourceGrouping - Group for method getEquipmentinfo2 was equipmentinfo2contrller
17:57:43.685 logback [main] INFO  s.d.schema.ModelContextKeyGenerator - Cache Key Generated: java.lang.Object(true)
17:57:43.685 logback [main] INFO  s.d.spring.web.caching.CachingAspect - Caching aspect applied for cache models with key java.lang.Object(true)
17:57:43.685 logback [main] INFO  s.d.schema.ModelContextKeyGenerator - Cache Key Generated: java.lang.Object(true)
17:57:43.685 logback [main] INFO  s.d.spring.web.caching.CachingAspect - Caching aspect applied for cache modelDependencies with key java.lang.Object(true)
17:57:43.685 logback [main] INFO  s.d.s.web.OperationsKeyGenerator - Cache key generated: /Equipment_info2/updateEquipmentinfo2.htm.com.environment.contrller.Equipment_inif2Contrller.updateEquipmentinfo2.DefaultGenericTypeNamingStrategy
17:57:43.685 logback [main] INFO  s.d.spring.web.caching.CachingAspect - Caching aspect applied for cache operations with key /Equipment_info2/updateEquipmentinfo2.htm.com.environment.contrller.Equipment_inif2Contrller.updateEquipmentinfo2.DefaultGenericTypeNamingStrategy
17:57:43.687 logback [main] INFO  s.d.s.w.ClassOrApiAnnotationResourceGrouping - Group for method updateEquipmentinfo2 was equipmentinfo2contrller
17:57:43.687 logback [main] INFO  s.d.s.w.ClassOrApiAnnotationResourceGrouping - Group for method updateEquipmentinfo2 was equipmentinfo2contrller
17:57:43.689 logback [main] INFO  s.d.s.w.ClassOrApiAnnotationResourceGrouping - Group for method updateEquipmentinfo2 was equipmentinfo2contrller
17:57:43.690 logback [main] INFO  s.d.s.w.ClassOrApiAnnotationResourceGrouping - Group for method updateEquipmentinfo2 was equipmentinfo2contrller
17:57:43.692 logback [main] INFO  s.d.s.w.ClassOrApiAnnotationResourceGrouping - Group for method updateEquipmentinfo2 was equipmentinfo2contrller
17:57:43.693 logback [main] INFO  s.d.s.w.ClassOrApiAnnotationResourceGrouping - Group for method updateEquipmentinfo2 was equipmentinfo2contrller
17:57:43.694 logback [main] INFO  s.d.s.w.ClassOrApiAnnotationResourceGrouping - Group for method updateEquipmentinfo2 was equipmentinfo2contrller
17:57:43.695 logback [main] INFO  s.d.s.w.ClassOrApiAnnotationResourceGrouping - Group for method updateEquipmentinfo2 was equipmentinfo2contrller
17:57:43.695 logback [main] INFO  s.d.s.w.ClassOrApiAnnotationResourceGrouping - Group for method updateEquipmentinfo2 was equipmentinfo2contrller
17:57:43.697 logback [main] INFO  s.d.s.w.ClassOrApiAnnotationResourceGrouping - Group for method updateEquipmentinfo2 was equipmentinfo2contrller
17:57:43.699 logback [main] INFO  s.d.s.w.ClassOrApiAnnotationResourceGrouping - Group for method updateEquipmentinfo2 was equipmentinfo2contrller
17:57:43.700 logback [main] INFO  s.d.s.w.ClassOrApiAnnotationResourceGrouping - Group for method updateEquipmentinfo2 was equipmentinfo2contrller
17:57:43.702 logback [main] INFO  s.d.s.w.ClassOrApiAnnotationResourceGrouping - Group for method updateEquipmentinfo2 was equipmentinfo2contrller
17:57:43.703 logback [main] INFO  s.d.s.w.ClassOrApiAnnotationResourceGrouping - Group for method updateEquipmentinfo2 was equipmentinfo2contrller
17:57:43.705 logback [main] INFO  s.d.s.w.ClassOrApiAnnotationResourceGrouping - Group for method updateEquipmentinfo2 was equipmentinfo2contrller
17:57:43.706 logback [main] INFO  s.d.s.w.ClassOrApiAnnotationResourceGrouping - Group for method updateEquipmentinfo2 was equipmentinfo2contrller
17:57:43.708 logback [main] INFO  s.d.schema.ModelContextKeyGenerator - Cache Key Generated: org.springframework.web.servlet.ModelAndView(true)
17:57:43.709 logback [main] INFO  s.d.spring.web.caching.CachingAspect - Caching aspect applied for cache models with key org.springframework.web.servlet.ModelAndView(true)
17:57:43.710 logback [main] INFO  s.d.s.p.ModelPropertiesKeyGenerator - Cache key generated: org.springframework.web.servlet.ModelAndView(true)
17:57:43.710 logback [main] INFO  s.d.spring.web.caching.CachingAspect - Caching aspect applied for cache modelProperties with key org.springframework.web.servlet.ModelAndView(true)
17:57:43.758 logback [main] INFO  s.d.schema.ModelContextKeyGenerator - Cache Key Generated: org.springframework.web.servlet.ModelAndView(true)
17:57:43.758 logback [main] INFO  s.d.spring.web.caching.CachingAspect - Caching aspect applied for cache modelDependencies with key org.springframework.web.servlet.ModelAndView(true)
17:57:43.759 logback [main] INFO  s.d.s.p.ModelPropertiesKeyGenerator - Cache key generated: org.springframework.web.servlet.ModelAndView(true)
17:57:43.759 logback [main] INFO  s.d.spring.web.caching.CachingAspect - Caching aspect applied for cache modelProperties with key org.springframework.web.servlet.ModelAndView(true)
17:57:43.760 logback [main] INFO  s.d.s.p.ModelPropertiesKeyGenerator - Cache key generated: org.springframework.web.servlet.View(true)
17:57:43.760 logback [main] INFO  s.d.spring.web.caching.CachingAspect - Caching aspect applied for cache modelProperties with key org.springframework.web.servlet.View(true)
17:57:43.761 logback [main] INFO  s.d.s.p.ModelPropertiesKeyGenerator - Cache key generated: org.springframework.web.servlet.View(true)
17:57:43.761 logback [main] INFO  s.d.spring.web.caching.CachingAspect - Caching aspect applied for cache modelProperties with key org.springframework.web.servlet.View(true)
17:57:43.761 logback [main] INFO  s.d.s.web.OperationsKeyGenerator - Cache key generated: /workbench/add.htm.com.environment.contrller.Index.add.DefaultGenericTypeNamingStrategy
17:57:43.761 logback [main] INFO  s.d.spring.web.caching.CachingAspect - Caching aspect applied for cache operations with key /workbench/add.htm.com.environment.contrller.Index.add.DefaultGenericTypeNamingStrategy
17:57:43.762 logback [main] INFO  s.d.s.w.ClassOrApiAnnotationResourceGrouping - Group for method add was index
17:57:43.762 logback [main] INFO  s.d.s.w.ClassOrApiAnnotationResourceGrouping - Group for method add was index
17:57:43.763 logback [main] INFO  s.d.s.w.ClassOrApiAnnotationResourceGrouping - Group for method add was index
17:57:43.764 logback [main] INFO  s.d.s.w.ClassOrApiAnnotationResourceGrouping - Group for method add was index
17:57:43.769 logback [main] INFO  s.d.s.w.ClassOrApiAnnotationResourceGrouping - Group for method add was index
17:57:43.770 logback [main] INFO  s.d.s.w.ClassOrApiAnnotationResourceGrouping - Group for method add was index
17:57:43.772 logback [main] INFO  s.d.s.w.ClassOrApiAnnotationResourceGrouping - Group for method add was index
17:57:43.773 logback [main] INFO  s.d.s.w.ClassOrApiAnnotationResourceGrouping - Group for method add was index
17:57:43.774 logback [main] INFO  s.d.s.w.ClassOrApiAnnotationResourceGrouping - Group for method add was index
17:57:43.776 logback [main] INFO  s.d.s.w.ClassOrApiAnnotationResourceGrouping - Group for method add was index
17:57:43.776 logback [main] INFO  s.d.s.w.ClassOrApiAnnotationResourceGrouping - Group for method add was index
17:57:43.778 logback [main] INFO  s.d.s.w.ClassOrApiAnnotationResourceGrouping - Group for method add was index
17:57:43.778 logback [main] INFO  s.d.s.w.ClassOrApiAnnotationResourceGrouping - Group for method add was index
17:57:43.779 logback [main] INFO  s.d.s.w.ClassOrApiAnnotationResourceGrouping - Group for method add was index
17:57:43.780 logback [main] INFO  s.d.s.w.ClassOrApiAnnotationResourceGrouping - Group for method add was index
17:57:43.781 logback [main] INFO  s.d.s.w.ClassOrApiAnnotationResourceGrouping - Group for method add was index
17:57:43.783 logback [main] INFO  s.d.schema.ModelContextKeyGenerator - Cache Key Generated: org.springframework.web.servlet.ModelAndView(true)
17:57:43.783 logback [main] INFO  s.d.spring.web.caching.CachingAspect - Caching aspect applied for cache models with key org.springframework.web.servlet.ModelAndView(true)
17:57:43.784 logback [main] INFO  s.d.schema.ModelContextKeyGenerator - Cache Key Generated: org.springframework.web.servlet.ModelAndView(true)
17:57:43.784 logback [main] INFO  s.d.spring.web.caching.CachingAspect - Caching aspect applied for cache modelDependencies with key org.springframework.web.servlet.ModelAndView(true)
17:57:43.785 logback [main] INFO  s.d.s.p.ModelPropertiesKeyGenerator - Cache key generated: org.springframework.web.servlet.View(true)
17:57:43.785 logback [main] INFO  s.d.spring.web.caching.CachingAspect - Caching aspect applied for cache modelProperties with key org.springframework.web.servlet.View(true)
17:57:43.785 logback [main] INFO  s.d.s.web.OperationsKeyGenerator - Cache key generated: /baidumap/index.htm.com.environment.contrller.Index.baidumapindex.DefaultGenericTypeNamingStrategy
17:57:43.785 logback [main] INFO  s.d.spring.web.caching.CachingAspect - Caching aspect applied for cache operations with key /baidumap/index.htm.com.environment.contrller.Index.baidumapindex.DefaultGenericTypeNamingStrategy
17:57:43.786 logback [main] INFO  s.d.s.w.ClassOrApiAnnotationResourceGrouping - Group for method baidumapindex was index
17:57:43.787 logback [main] INFO  s.d.s.w.ClassOrApiAnnotationResourceGrouping - Group for method baidumapindex was index
17:57:43.789 logback [main] INFO  s.d.s.w.ClassOrApiAnnotationResourceGrouping - Group for method baidumapindex was index
17:57:43.790 logback [main] INFO  s.d.s.w.ClassOrApiAnnotationResourceGrouping - Group for method baidumapindex was index
17:57:43.791 logback [main] INFO  s.d.s.w.ClassOrApiAnnotationResourceGrouping - Group for method baidumapindex was index
17:57:43.791 logback [main] INFO  s.d.s.w.ClassOrApiAnnotationResourceGrouping - Group for method baidumapindex was index
17:57:43.791 logback [main] INFO  s.d.s.w.ClassOrApiAnnotationResourceGrouping - Group for method baidumapindex was index
17:57:43.793 logback [main] INFO  s.d.s.w.ClassOrApiAnnotationResourceGrouping - Group for method baidumapindex was index
17:57:43.794 logback [main] INFO  s.d.s.w.ClassOrApiAnnotationResourceGrouping - Group for method baidumapindex was index
17:57:43.795 logback [main] INFO  s.d.s.w.ClassOrApiAnnotationResourceGrouping - Group for method baidumapindex was index
17:57:43.797 logback [main] INFO  s.d.s.w.ClassOrApiAnnotationResourceGrouping - Group for method baidumapindex was index
17:57:43.798 logback [main] INFO  s.d.s.w.ClassOrApiAnnotationResourceGrouping - Group for method baidumapindex was index
17:57:43.799 logback [main] INFO  s.d.s.w.ClassOrApiAnnotationResourceGrouping - Group for method baidumapindex was index
17:57:43.800 logback [main] INFO  s.d.s.w.ClassOrApiAnnotationResourceGrouping - Group for method baidumapindex was index
17:57:43.801 logback [main] INFO  s.d.s.w.ClassOrApiAnnotationResourceGrouping - Group for method baidumapindex was index
17:57:43.802 logback [main] INFO  s.d.s.w.ClassOrApiAnnotationResourceGrouping - Group for method baidumapindex was index
17:57:43.804 logback [main] INFO  s.d.schema.ModelContextKeyGenerator - Cache Key Generated: org.springframework.web.servlet.ModelAndView(true)
17:57:43.804 logback [main] INFO  s.d.spring.web.caching.CachingAspect - Caching aspect applied for cache models with key org.springframework.web.servlet.ModelAndView(true)
17:57:43.806 logback [main] INFO  s.d.schema.ModelContextKeyGenerator - Cache Key Generated: org.springframework.web.servlet.ModelAndView(true)
17:57:43.806 logback [main] INFO  s.d.spring.web.caching.CachingAspect - Caching aspect applied for cache modelDependencies with key org.springframework.web.servlet.ModelAndView(true)
17:57:43.808 logback [main] INFO  s.d.s.p.ModelPropertiesKeyGenerator - Cache key generated: org.springframework.web.servlet.View(true)
17:57:43.808 logback [main] INFO  s.d.spring.web.caching.CachingAspect - Caching aspect applied for cache modelProperties with key org.springframework.web.servlet.View(true)
17:57:43.813 logback [main] INFO  s.d.s.web.OperationsKeyGenerator - Cache key generated: /baidumap/line.htm.com.environment.contrller.Index.baidumapline.DefaultGenericTypeNamingStrategy
17:57:43.813 logback [main] INFO  s.d.spring.web.caching.CachingAspect - Caching aspect applied for cache operations with key /baidumap/line.htm.com.environment.contrller.Index.baidumapline.DefaultGenericTypeNamingStrategy
17:57:43.814 logback [main] INFO  s.d.s.w.ClassOrApiAnnotationResourceGrouping - Group for method baidumapline was index
17:57:43.818 logback [main] INFO  s.d.s.w.ClassOrApiAnnotationResourceGrouping - Group for method baidumapline was index
17:57:43.819 logback [main] INFO  s.d.s.w.ClassOrApiAnnotationResourceGrouping - Group for method baidumapline was index
17:57:43.821 logback [main] INFO  s.d.s.w.ClassOrApiAnnotationResourceGrouping - Group for method baidumapline was index
17:57:43.822 logback [main] INFO  s.d.s.w.ClassOrApiAnnotationResourceGrouping - Group for method baidumapline was index
17:57:43.828 logback [main] INFO  s.d.s.w.ClassOrApiAnnotationResourceGrouping - Group for method baidumapline was index
17:57:43.829 logback [main] INFO  s.d.s.w.ClassOrApiAnnotationResourceGrouping - Group for method baidumapline was index
17:57:43.830 logback [main] INFO  s.d.s.w.ClassOrApiAnnotationResourceGrouping - Group for method baidumapline was index
17:57:43.832 logback [main] INFO  s.d.s.w.ClassOrApiAnnotationResourceGrouping - Group for method baidumapline was index
17:57:43.833 logback [main] INFO  s.d.s.w.ClassOrApiAnnotationResourceGrouping - Group for method baidumapline was index
17:57:43.834 logback [main] INFO  s.d.s.w.ClassOrApiAnnotationResourceGrouping - Group for method baidumapline was index
17:57:43.835 logback [main] INFO  s.d.s.w.ClassOrApiAnnotationResourceGrouping - Group for method baidumapline was index
17:57:43.836 logback [main] INFO  s.d.s.w.ClassOrApiAnnotationResourceGrouping - Group for method baidumapline was index
17:57:43.837 logback [main] INFO  s.d.s.w.ClassOrApiAnnotationResourceGrouping - Group for method baidumapline was index
17:57:43.838 logback [main] INFO  s.d.s.w.ClassOrApiAnnotationResourceGrouping - Group for method baidumapline was index
17:57:43.838 logback [main] INFO  s.d.s.w.ClassOrApiAnnotationResourceGrouping - Group for method baidumapline was index
17:57:43.839 logback [main] INFO  s.d.schema.ModelContextKeyGenerator - Cache Key Generated: org.springframework.web.servlet.ModelAndView(true)
17:57:43.840 logback [main] INFO  s.d.spring.web.caching.CachingAspect - Caching aspect applied for cache models with key org.springframework.web.servlet.ModelAndView(true)
17:57:43.840 logback [main] INFO  s.d.schema.ModelContextKeyGenerator - Cache Key Generated: org.springframework.web.servlet.ModelAndView(true)
17:57:43.840 logback [main] INFO  s.d.spring.web.caching.CachingAspect - Caching aspect applied for cache modelDependencies with key org.springframework.web.servlet.ModelAndView(true)
17:57:43.840 logback [main] INFO  s.d.s.p.ModelPropertiesKeyGenerator - Cache key generated: org.springframework.web.servlet.View(true)
17:57:43.840 logback [main] INFO  s.d.spring.web.caching.CachingAspect - Caching aspect applied for cache modelProperties with key org.springframework.web.servlet.View(true)
17:57:43.842 logback [main] INFO  s.d.s.web.OperationsKeyGenerator - Cache key generated: /eqdateselect/index.htm.com.environment.contrller.Index.eqdateselect.DefaultGenericTypeNamingStrategy
17:57:43.842 logback [main] INFO  s.d.spring.web.caching.CachingAspect - Caching aspect applied for cache operations with key /eqdateselect/index.htm.com.environment.contrller.Index.eqdateselect.DefaultGenericTypeNamingStrategy
17:57:43.842 logback [main] INFO  s.d.s.w.ClassOrApiAnnotationResourceGrouping - Group for method eqdateselect was index
17:57:43.842 logback [main] INFO  s.d.s.w.ClassOrApiAnnotationResourceGrouping - Group for method eqdateselect was index
17:57:43.844 logback [main] INFO  s.d.s.w.ClassOrApiAnnotationResourceGrouping - Group for method eqdateselect was index
17:57:43.845 logback [main] INFO  s.d.s.w.ClassOrApiAnnotationResourceGrouping - Group for method eqdateselect was index
17:57:43.846 logback [main] INFO  s.d.s.w.ClassOrApiAnnotationResourceGrouping - Group for method eqdateselect was index
17:57:43.846 logback [main] INFO  s.d.s.w.ClassOrApiAnnotationResourceGrouping - Group for method eqdateselect was index
17:57:43.851 logback [main] INFO  s.d.s.w.ClassOrApiAnnotationResourceGrouping - Group for method eqdateselect was index
17:57:43.852 logback [main] INFO  s.d.s.w.ClassOrApiAnnotationResourceGrouping - Group for method eqdateselect was index
17:57:43.853 logback [main] INFO  s.d.s.w.ClassOrApiAnnotationResourceGrouping - Group for method eqdateselect was index
17:57:43.854 logback [main] INFO  s.d.s.w.ClassOrApiAnnotationResourceGrouping - Group for method eqdateselect was index
17:57:43.855 logback [main] INFO  s.d.s.w.ClassOrApiAnnotationResourceGrouping - Group for method eqdateselect was index
17:57:43.855 logback [main] INFO  s.d.s.w.ClassOrApiAnnotationResourceGrouping - Group for method eqdateselect was index
17:57:43.856 logback [main] INFO  s.d.s.w.ClassOrApiAnnotationResourceGrouping - Group for method eqdateselect was index
17:57:43.857 logback [main] INFO  s.d.s.w.ClassOrApiAnnotationResourceGrouping - Group for method eqdateselect was index
17:57:43.858 logback [main] INFO  s.d.s.w.ClassOrApiAnnotationResourceGrouping - Group for method eqdateselect was index
17:57:43.859 logback [main] INFO  s.d.s.w.ClassOrApiAnnotationResourceGrouping - Group for method eqdateselect was index
17:57:43.860 logback [main] INFO  s.d.schema.ModelContextKeyGenerator - Cache Key Generated: org.springframework.web.servlet.ModelAndView(true)
17:57:43.860 logback [main] INFO  s.d.spring.web.caching.CachingAspect - Caching aspect applied for cache models with key org.springframework.web.servlet.ModelAndView(true)
17:57:43.860 logback [main] INFO  s.d.schema.ModelContextKeyGenerator - Cache Key Generated: org.springframework.web.servlet.ModelAndView(true)
17:57:43.860 logback [main] INFO  s.d.spring.web.caching.CachingAspect - Caching aspect applied for cache modelDependencies with key org.springframework.web.servlet.ModelAndView(true)
17:57:43.861 logback [main] INFO  s.d.s.p.ModelPropertiesKeyGenerator - Cache key generated: org.springframework.web.servlet.View(true)
17:57:43.861 logback [main] INFO  s.d.spring.web.caching.CachingAspect - Caching aspect applied for cache modelProperties with key org.springframework.web.servlet.View(true)
17:57:43.861 logback [main] INFO  s.d.s.web.OperationsKeyGenerator - Cache key generated: /index.htm.com.environment.contrller.Index.index.DefaultGenericTypeNamingStrategy
17:57:43.861 logback [main] INFO  s.d.spring.web.caching.CachingAspect - Caching aspect applied for cache operations with key /index.htm.com.environment.contrller.Index.index.DefaultGenericTypeNamingStrategy
17:57:43.862 logback [main] INFO  s.d.s.w.ClassOrApiAnnotationResourceGrouping - Group for method index was index
17:57:43.863 logback [main] INFO  s.d.s.w.ClassOrApiAnnotationResourceGrouping - Group for method index was index
17:57:43.864 logback [main] INFO  s.d.s.w.ClassOrApiAnnotationResourceGrouping - Group for method index was index
17:57:43.865 logback [main] INFO  s.d.s.w.ClassOrApiAnnotationResourceGrouping - Group for method index was index
17:57:43.866 logback [main] INFO  s.d.s.w.ClassOrApiAnnotationResourceGrouping - Group for method index was index
17:57:43.867 logback [main] INFO  s.d.s.w.ClassOrApiAnnotationResourceGrouping - Group for method index was index
17:57:43.867 logback [main] INFO  s.d.s.w.ClassOrApiAnnotationResourceGrouping - Group for method index was index
17:57:43.868 logback [main] INFO  s.d.s.w.ClassOrApiAnnotationResourceGrouping - Group for method index was index
17:57:43.869 logback [main] INFO  s.d.s.w.ClassOrApiAnnotationResourceGrouping - Group for method index was index
17:57:43.870 logback [main] INFO  s.d.s.w.ClassOrApiAnnotationResourceGrouping - Group for method index was index
17:57:43.870 logback [main] INFO  s.d.s.w.ClassOrApiAnnotationResourceGrouping - Group for method index was index
17:57:43.870 logback [main] INFO  s.d.s.w.ClassOrApiAnnotationResourceGrouping - Group for method index was index
17:57:43.870 logback [main] INFO  s.d.s.w.ClassOrApiAnnotationResourceGrouping - Group for method index was index
17:57:43.872 logback [main] INFO  s.d.s.w.ClassOrApiAnnotationResourceGrouping - Group for method index was index
17:57:43.873 logback [main] INFO  s.d.s.w.ClassOrApiAnnotationResourceGrouping - Group for method index was index
17:57:43.874 logback [main] INFO  s.d.s.w.ClassOrApiAnnotationResourceGrouping - Group for method index was index
17:57:43.875 logback [main] INFO  s.d.schema.ModelContextKeyGenerator - Cache Key Generated: java.lang.Object(true)
17:57:43.875 logback [main] INFO  s.d.spring.web.caching.CachingAspect - Caching aspect applied for cache models with key java.lang.Object(true)
17:57:43.875 logback [main] INFO  s.d.schema.ModelContextKeyGenerator - Cache Key Generated: java.lang.Object(true)
17:57:43.875 logback [main] INFO  s.d.spring.web.caching.CachingAspect - Caching aspect applied for cache modelDependencies with key java.lang.Object(true)
17:57:43.875 logback [main] INFO  s.d.s.web.OperationsKeyGenerator - Cache key generated: /login.htm.com.environment.contrller.Index.login.DefaultGenericTypeNamingStrategy
17:57:43.875 logback [main] INFO  s.d.spring.web.caching.CachingAspect - Caching aspect applied for cache operations with key /login.htm.com.environment.contrller.Index.login.DefaultGenericTypeNamingStrategy
17:57:43.878 logback [main] INFO  s.d.s.w.ClassOrApiAnnotationResourceGrouping - Group for method login was index
17:57:43.880 logback [main] INFO  s.d.s.w.ClassOrApiAnnotationResourceGrouping - Group for method login was index
17:57:43.883 logback [main] INFO  s.d.s.w.ClassOrApiAnnotationResourceGrouping - Group for method login was index
17:57:43.884 logback [main] INFO  s.d.s.w.ClassOrApiAnnotationResourceGrouping - Group for method login was index
17:57:43.886 logback [main] INFO  s.d.s.w.ClassOrApiAnnotationResourceGrouping - Group for method login was index
17:57:43.886 logback [main] INFO  s.d.s.w.ClassOrApiAnnotationResourceGrouping - Group for method login was index
17:57:43.888 logback [main] INFO  s.d.s.w.ClassOrApiAnnotationResourceGrouping - Group for method login was index
17:57:43.889 logback [main] INFO  s.d.s.w.ClassOrApiAnnotationResourceGrouping - Group for method login was index
17:57:43.891 logback [main] INFO  s.d.s.w.ClassOrApiAnnotationResourceGrouping - Group for method login was index
17:57:43.892 logback [main] INFO  s.d.s.w.ClassOrApiAnnotationResourceGrouping - Group for method login was index
17:57:43.894 logback [main] INFO  s.d.s.w.ClassOrApiAnnotationResourceGrouping - Group for method login was index
17:57:43.895 logback [main] INFO  s.d.s.w.ClassOrApiAnnotationResourceGrouping - Group for method login was index
17:57:43.898 logback [main] INFO  s.d.s.w.ClassOrApiAnnotationResourceGrouping - Group for method login was index
17:57:43.898 logback [main] INFO  s.d.s.w.ClassOrApiAnnotationResourceGrouping - Group for method login was index
17:57:43.901 logback [main] INFO  s.d.s.w.ClassOrApiAnnotationResourceGrouping - Group for method login was index
17:57:43.903 logback [main] INFO  s.d.s.w.ClassOrApiAnnotationResourceGrouping - Group for method login was index
17:57:43.904 logback [main] INFO  s.d.schema.ModelContextKeyGenerator - Cache Key Generated: org.springframework.web.servlet.ModelAndView(true)
17:57:43.904 logback [main] INFO  s.d.spring.web.caching.CachingAspect - Caching aspect applied for cache models with key org.springframework.web.servlet.ModelAndView(true)
17:57:43.904 logback [main] INFO  s.d.schema.ModelContextKeyGenerator - Cache Key Generated: org.springframework.web.servlet.ModelAndView(true)
17:57:43.905 logback [main] INFO  s.d.spring.web.caching.CachingAspect - Caching aspect applied for cache modelDependencies with key org.springframework.web.servlet.ModelAndView(true)
17:57:43.905 logback [main] INFO  s.d.s.p.ModelPropertiesKeyGenerator - Cache key generated: org.springframework.web.servlet.View(true)
17:57:43.905 logback [main] INFO  s.d.spring.web.caching.CachingAspect - Caching aspect applied for cache modelProperties with key org.springframework.web.servlet.View(true)
17:57:43.905 logback [main] INFO  s.d.s.web.OperationsKeyGenerator - Cache key generated: /main.htm.com.environment.contrller.Index.main.DefaultGenericTypeNamingStrategy
17:57:43.905 logback [main] INFO  s.d.spring.web.caching.CachingAspect - Caching aspect applied for cache operations with key /main.htm.com.environment.contrller.Index.main.DefaultGenericTypeNamingStrategy
17:57:43.906 logback [main] INFO  s.d.s.w.ClassOrApiAnnotationResourceGrouping - Group for method main was index
17:57:43.907 logback [main] INFO  s.d.s.w.ClassOrApiAnnotationResourceGrouping - Group for method main was index
17:57:43.908 logback [main] INFO  s.d.s.w.ClassOrApiAnnotationResourceGrouping - Group for method main was index
17:57:43.909 logback [main] INFO  s.d.s.w.ClassOrApiAnnotationResourceGrouping - Group for method main was index
17:57:43.909 logback [main] INFO  s.d.s.w.ClassOrApiAnnotationResourceGrouping - Group for method main was index
17:57:43.910 logback [main] INFO  s.d.s.w.ClassOrApiAnnotationResourceGrouping - Group for method main was index
17:57:43.911 logback [main] INFO  s.d.s.w.ClassOrApiAnnotationResourceGrouping - Group for method main was index
17:57:43.912 logback [main] INFO  s.d.s.w.ClassOrApiAnnotationResourceGrouping - Group for method main was index
17:57:43.913 logback [main] INFO  s.d.s.w.ClassOrApiAnnotationResourceGrouping - Group for method main was index
17:57:43.914 logback [main] INFO  s.d.s.w.ClassOrApiAnnotationResourceGrouping - Group for method main was index
17:57:43.914 logback [main] INFO  s.d.s.w.ClassOrApiAnnotationResourceGrouping - Group for method main was index
17:57:43.915 logback [main] INFO  s.d.s.w.ClassOrApiAnnotationResourceGrouping - Group for method main was index
17:57:43.916 logback [main] INFO  s.d.s.w.ClassOrApiAnnotationResourceGrouping - Group for method main was index
17:57:43.917 logback [main] INFO  s.d.s.w.ClassOrApiAnnotationResourceGrouping - Group for method main was index
17:57:43.919 logback [main] INFO  s.d.s.w.ClassOrApiAnnotationResourceGrouping - Group for method main was index
17:57:43.920 logback [main] INFO  s.d.s.w.ClassOrApiAnnotationResourceGrouping - Group for method main was index
17:57:43.922 logback [main] INFO  s.d.schema.ModelContextKeyGenerator - Cache Key Generated: org.springframework.web.servlet.ModelAndView(true)
17:57:43.922 logback [main] INFO  s.d.spring.web.caching.CachingAspect - Caching aspect applied for cache models with key org.springframework.web.servlet.ModelAndView(true)
17:57:43.922 logback [main] INFO  s.d.schema.ModelContextKeyGenerator - Cache Key Generated: org.springframework.web.servlet.ModelAndView(true)
17:57:43.926 logback [main] INFO  s.d.spring.web.caching.CachingAspect - Caching aspect applied for cache modelDependencies with key org.springframework.web.servlet.ModelAndView(true)
17:57:43.926 logback [main] INFO  s.d.s.p.ModelPropertiesKeyGenerator - Cache key generated: org.springframework.web.servlet.View(true)
17:57:43.926 logback [main] INFO  s.d.spring.web.caching.CachingAspect - Caching aspect applied for cache modelProperties with key org.springframework.web.servlet.View(true)
17:57:43.927 logback [main] INFO  s.d.s.web.OperationsKeyGenerator - Cache key generated: /quit.htm.com.environment.contrller.Index.quit.DefaultGenericTypeNamingStrategy
17:57:43.927 logback [main] INFO  s.d.spring.web.caching.CachingAspect - Caching aspect applied for cache operations with key /quit.htm.com.environment.contrller.Index.quit.DefaultGenericTypeNamingStrategy
17:57:43.927 logback [main] INFO  s.d.s.w.ClassOrApiAnnotationResourceGrouping - Group for method quit was index
17:57:43.928 logback [main] INFO  s.d.s.w.ClassOrApiAnnotationResourceGrouping - Group for method quit was index
17:57:43.929 logback [main] INFO  s.d.s.w.ClassOrApiAnnotationResourceGrouping - Group for method quit was index
17:57:43.930 logback [main] INFO  s.d.s.w.ClassOrApiAnnotationResourceGrouping - Group for method quit was index
17:57:43.930 logback [main] INFO  s.d.s.w.ClassOrApiAnnotationResourceGrouping - Group for method quit was index
17:57:43.931 logback [main] INFO  s.d.s.w.ClassOrApiAnnotationResourceGrouping - Group for method quit was index
17:57:43.936 logback [main] INFO  s.d.s.w.ClassOrApiAnnotationResourceGrouping - Group for method quit was index
17:57:43.938 logback [main] INFO  s.d.s.w.ClassOrApiAnnotationResourceGrouping - Group for method quit was index
17:57:43.939 logback [main] INFO  s.d.s.w.ClassOrApiAnnotationResourceGrouping - Group for method quit was index
17:57:43.940 logback [main] INFO  s.d.s.w.ClassOrApiAnnotationResourceGrouping - Group for method quit was index
17:57:43.941 logback [main] INFO  s.d.s.w.ClassOrApiAnnotationResourceGrouping - Group for method quit was index
17:57:43.945 logback [main] INFO  s.d.s.w.ClassOrApiAnnotationResourceGrouping - Group for method quit was index
17:57:43.946 logback [main] INFO  s.d.s.w.ClassOrApiAnnotationResourceGrouping - Group for method quit was index
17:57:43.947 logback [main] INFO  s.d.s.w.ClassOrApiAnnotationResourceGrouping - Group for method quit was index
17:57:43.948 logback [main] INFO  s.d.s.w.ClassOrApiAnnotationResourceGrouping - Group for method quit was index
17:57:43.949 logback [main] INFO  s.d.s.w.ClassOrApiAnnotationResourceGrouping - Group for method quit was index
17:57:43.956 logback [main] INFO  s.d.schema.ModelContextKeyGenerator - Cache Key Generated: org.springframework.web.servlet.ModelAndView(true)
17:57:43.956 logback [main] INFO  s.d.spring.web.caching.CachingAspect - Caching aspect applied for cache models with key org.springframework.web.servlet.ModelAndView(true)
17:57:43.956 logback [main] INFO  s.d.schema.ModelContextKeyGenerator - Cache Key Generated: org.springframework.web.servlet.ModelAndView(true)
17:57:43.956 logback [main] INFO  s.d.spring.web.caching.CachingAspect - Caching aspect applied for cache modelDependencies with key org.springframework.web.servlet.ModelAndView(true)
17:57:43.956 logback [main] INFO  s.d.s.p.ModelPropertiesKeyGenerator - Cache key generated: org.springframework.web.servlet.View(true)
17:57:43.957 logback [main] INFO  s.d.spring.web.caching.CachingAspect - Caching aspect applied for cache modelProperties with key org.springframework.web.servlet.View(true)
17:57:43.958 logback [main] INFO  s.d.s.web.OperationsKeyGenerator - Cache key generated: /workbench/index.htm.com.environment.contrller.Index.workbench.DefaultGenericTypeNamingStrategy
17:57:43.959 logback [main] INFO  s.d.spring.web.caching.CachingAspect - Caching aspect applied for cache operations with key /workbench/index.htm.com.environment.contrller.Index.workbench.DefaultGenericTypeNamingStrategy
17:57:43.959 logback [main] INFO  s.d.s.w.ClassOrApiAnnotationResourceGrouping - Group for method workbench was index
17:57:43.960 logback [main] INFO  s.d.s.w.ClassOrApiAnnotationResourceGrouping - Group for method workbench was index
17:57:43.963 logback [main] INFO  s.d.s.w.ClassOrApiAnnotationResourceGrouping - Group for method workbench was index
17:57:43.963 logback [main] INFO  s.d.s.w.ClassOrApiAnnotationResourceGrouping - Group for method workbench was index
17:57:43.964 logback [main] INFO  s.d.s.w.ClassOrApiAnnotationResourceGrouping - Group for method workbench was index
17:57:43.964 logback [main] INFO  s.d.s.w.ClassOrApiAnnotationResourceGrouping - Group for method workbench was index
17:57:43.964 logback [main] INFO  s.d.s.w.ClassOrApiAnnotationResourceGrouping - Group for method workbench was index
17:57:43.965 logback [main] INFO  s.d.s.w.ClassOrApiAnnotationResourceGrouping - Group for method workbench was index
17:57:43.966 logback [main] INFO  s.d.s.w.ClassOrApiAnnotationResourceGrouping - Group for method workbench was index
17:57:43.966 logback [main] INFO  s.d.s.w.ClassOrApiAnnotationResourceGrouping - Group for method workbench was index
17:57:43.968 logback [main] INFO  s.d.s.w.ClassOrApiAnnotationResourceGrouping - Group for method workbench was index
17:57:43.968 logback [main] INFO  s.d.s.w.ClassOrApiAnnotationResourceGrouping - Group for method workbench was index
17:57:43.969 logback [main] INFO  s.d.s.w.ClassOrApiAnnotationResourceGrouping - Group for method workbench was index
17:57:43.970 logback [main] INFO  s.d.s.w.ClassOrApiAnnotationResourceGrouping - Group for method workbench was index
17:57:43.970 logback [main] INFO  s.d.s.w.ClassOrApiAnnotationResourceGrouping - Group for method workbench was index
17:57:43.971 logback [main] INFO  s.d.s.w.ClassOrApiAnnotationResourceGrouping - Group for method workbench was index
17:57:44.032 logback [main] INFO  o.e.j.s.h.ContextHandler.application - Initializing Spring FrameworkServlet 'dispatcherServlet'
17:57:44.032 logback [main] INFO  o.s.web.servlet.DispatcherServlet - FrameworkServlet 'dispatcherServlet': initialization started
17:57:44.062 logback [main] INFO  o.s.web.servlet.DispatcherServlet - FrameworkServlet 'dispatcherServlet': initialization completed in 30 ms
17:57:44.262 logback [main] INFO  o.e.jetty.server.AbstractConnector - Started ServerConnector@6cd164a6{HTTP/1.1,[http/1.1]}{0.0.0.0:8080}
17:57:44.263 logback [main] INFO  o.s.b.c.e.j.JettyEmbeddedServletContainer - Jetty started on port(s) 8080 (http/1.1)
17:57:44.289 logback [main] INFO  c.environment.EnvironmentApplication - Started EnvironmentApplication in 19.463 seconds (JVM running for 21.267)
